

Started GET "/main" for 127.0.0.1 at 2014-03-11 10:24:20 -0700

ActionController::RoutingError (No route matches [GET] "/main"):
  actionpack (4.0.2) lib/action_dispatch/middleware/debug_exceptions.rb:21:in `call'
  actionpack (4.0.2) lib/action_dispatch/middleware/show_exceptions.rb:30:in `call'
  railties (4.0.2) lib/rails/rack/logger.rb:38:in `call_app'
  railties (4.0.2) lib/rails/rack/logger.rb:20:in `block in call'
  activesupport (4.0.2) lib/active_support/tagged_logging.rb:67:in `block in tagged'
  activesupport (4.0.2) lib/active_support/tagged_logging.rb:25:in `tagged'
  activesupport (4.0.2) lib/active_support/tagged_logging.rb:67:in `tagged'
  railties (4.0.2) lib/rails/rack/logger.rb:20:in `call'
  actionpack (4.0.2) lib/action_dispatch/middleware/request_id.rb:21:in `call'
  rack (1.5.2) lib/rack/methodoverride.rb:21:in `call'
  rack (1.5.2) lib/rack/runtime.rb:17:in `call'
  activesupport (4.0.2) lib/active_support/cache/strategy/local_cache.rb:83:in `call'
  rack (1.5.2) lib/rack/lock.rb:17:in `call'
  actionpack (4.0.2) lib/action_dispatch/middleware/static.rb:64:in `call'
  rack (1.5.2) lib/rack/sendfile.rb:112:in `call'
  railties (4.0.2) lib/rails/engine.rb:511:in `call'
  railties (4.0.2) lib/rails/application.rb:97:in `call'
  rack (1.5.2) lib/rack/lock.rb:17:in `call'
  rack (1.5.2) lib/rack/content_length.rb:14:in `call'
  rack (1.5.2) lib/rack/handler/webrick.rb:60:in `service'
  /home/jethro/.rvm/rubies/ruby-2.1.0/lib/ruby/2.1.0/webrick/httpserver.rb:138:in `service'
  /home/jethro/.rvm/rubies/ruby-2.1.0/lib/ruby/2.1.0/webrick/httpserver.rb:94:in `run'
  /home/jethro/.rvm/rubies/ruby-2.1.0/lib/ruby/2.1.0/webrick/server.rb:295:in `block in start_thread'


  Rendered /home/jethro/.rvm/gems/ruby-2.1.0/gems/actionpack-4.0.2/lib/action_dispatch/middleware/templates/rescues/_trace.erb (1.9ms)
  Rendered /home/jethro/.rvm/gems/ruby-2.1.0/gems/actionpack-4.0.2/lib/action_dispatch/middleware/templates/routes/_route.html.erb (1.5ms)
  Rendered /home/jethro/.rvm/gems/ruby-2.1.0/gems/actionpack-4.0.2/lib/action_dispatch/middleware/templates/routes/_table.html.erb (21.1ms)
  Rendered /home/jethro/.rvm/gems/ruby-2.1.0/gems/actionpack-4.0.2/lib/action_dispatch/middleware/templates/rescues/routing_error.erb within rescues/layout (50.7ms)


Started GET "/" for 127.0.0.1 at 2014-03-11 10:24:25 -0700
Processing by Rails::WelcomeController#index as HTML
  Rendered /home/jethro/.rvm/gems/ruby-2.1.0/gems/railties-4.0.2/lib/rails/templates/rails/welcome/index.html.erb (1.8ms)
Completed 200 OK in 203ms (Views: 168.4ms | ActiveRecord: 0.0ms)
DEPRECATION WARNING: ActionController::AbstractRequest and ActionController::Request are deprecated and will be removed, use ActionDispatch::Request instead. (called from <top (required)> at /home/jethro/.rvm/gems/ruby-2.1.0/bundler/gems/rails-footnotes-3a6ac1971e91/lib/rails-footnotes/notes/routes_note.rb:59)
DEPRECATION WARNING: ActionController::AbstractResponse and ActionController::Response are deprecated and will be removed, use ActionDispatch::Response instead. (called from <top (required)> at /home/jethro/.rvm/gems/ruby-2.1.0/bundler/gems/rails-footnotes-3a6ac1971e91/lib/rails-footnotes/notes/routes_note.rb:59)
DEPRECATION WARNING: ActionController::Routing is deprecated and will be removed, use ActionDispatch::Routing instead. (called from <top (required)> at /home/jethro/.rvm/gems/ruby-2.1.0/bundler/gems/rails-footnotes-3a6ac1971e91/lib/rails-footnotes/notes/routes_note.rb:59)
DEPRECATION WARNING: Filter object with #filter method is deprecated. Define method corresponding to filter type (#before, #after or #around). (called from included at /home/jethro/.rvm/gems/ruby-2.1.0/bundler/gems/rails-footnotes-3a6ac1971e91/lib/rails-footnotes/extension.rb:4)
DEPRECATION WARNING: Filter object with #filter method is deprecated. Define method corresponding to filter type (#before, #after or #around). (called from included at /home/jethro/.rvm/gems/ruby-2.1.0/bundler/gems/rails-footnotes-3a6ac1971e91/lib/rails-footnotes/extension.rb:5)


Started GET "/" for 127.0.0.1 at 2014-03-11 10:35:00 -0700
Processing by Rails::WelcomeController#index as HTML
  Rendered /home/jethro/.rvm/gems/ruby-2.1.0/gems/railties-4.0.2/lib/rails/templates/rails/welcome/index.html.erb (1.4ms)
Completed 200 OK in 39ms (Views: 6.4ms | ActiveRecord: 0.0ms)


Started GET "/main" for 127.0.0.1 at 2014-03-11 10:40:00 -0700

ActionController::RoutingError (No route matches [GET] "/main"):
  <a href="txmt://open?url=file:///home/jethro/.rvm/gems/ruby-2.1.0/gems/actionpack-4.0.2/lib/action_dispatch/middleware/debug_exceptions.rb&amp;line=21&amp;column=1">/gems/actionpack-4.0.2/lib/action_dispatch/middleware/debug_exceptions.rb:21:in `call'</a>
  <a href="txmt://open?url=file:///home/jethro/.rvm/gems/ruby-2.1.0/gems/actionpack-4.0.2/lib/action_dispatch/middleware/show_exceptions.rb&amp;line=30&amp;column=1">/gems/actionpack-4.0.2/lib/action_dispatch/middleware/show_exceptions.rb:30:in `call'</a>
  <a href="txmt://open?url=file:///home/jethro/.rvm/gems/ruby-2.1.0/gems/railties-4.0.2/lib/rails/rack/logger.rb&amp;line=38&amp;column=1">/gems/railties-4.0.2/lib/rails/rack/logger.rb:38:in `call_app'</a>
  <a href="txmt://open?url=file:///home/jethro/.rvm/gems/ruby-2.1.0/gems/railties-4.0.2/lib/rails/rack/logger.rb&amp;line=20&amp;column=1">/gems/railties-4.0.2/lib/rails/rack/logger.rb:20:in `block in call'</a>
  <a href="txmt://open?url=file:///home/jethro/.rvm/gems/ruby-2.1.0/gems/activesupport-4.0.2/lib/active_support/tagged_logging.rb&amp;line=67&amp;column=1">/gems/activesupport-4.0.2/lib/active_support/tagged_logging.rb:67:in `block in tagged'</a>
  <a href="txmt://open?url=file:///home/jethro/.rvm/gems/ruby-2.1.0/gems/activesupport-4.0.2/lib/active_support/tagged_logging.rb&amp;line=25&amp;column=1">/gems/activesupport-4.0.2/lib/active_support/tagged_logging.rb:25:in `tagged'</a>
  <a href="txmt://open?url=file:///home/jethro/.rvm/gems/ruby-2.1.0/gems/activesupport-4.0.2/lib/active_support/tagged_logging.rb&amp;line=67&amp;column=1">/gems/activesupport-4.0.2/lib/active_support/tagged_logging.rb:67:in `tagged'</a>
  <a href="txmt://open?url=file:///home/jethro/.rvm/gems/ruby-2.1.0/gems/railties-4.0.2/lib/rails/rack/logger.rb&amp;line=20&amp;column=1">/gems/railties-4.0.2/lib/rails/rack/logger.rb:20:in `call'</a>
  <a href="txmt://open?url=file:///home/jethro/.rvm/gems/ruby-2.1.0/gems/actionpack-4.0.2/lib/action_dispatch/middleware/request_id.rb&amp;line=21&amp;column=1">/gems/actionpack-4.0.2/lib/action_dispatch/middleware/request_id.rb:21:in `call'</a>
  <a href="txmt://open?url=file:///home/jethro/.rvm/gems/ruby-2.1.0/gems/rack-1.5.2/lib/rack/methodoverride.rb&amp;line=21&amp;column=1">/gems/rack-1.5.2/lib/rack/methodoverride.rb:21:in `call'</a>
  <a href="txmt://open?url=file:///home/jethro/.rvm/gems/ruby-2.1.0/gems/rack-1.5.2/lib/rack/runtime.rb&amp;line=17&amp;column=1">/gems/rack-1.5.2/lib/rack/runtime.rb:17:in `call'</a>
  <a href="txmt://open?url=file:///home/jethro/.rvm/gems/ruby-2.1.0/gems/activesupport-4.0.2/lib/active_support/cache/strategy/local_cache.rb&amp;line=83&amp;column=1">/gems/activesupport-4.0.2/lib/active_support/cache/strategy/local_cache.rb:83:in `call'</a>
  <a href="txmt://open?url=file:///home/jethro/.rvm/gems/ruby-2.1.0/gems/rack-1.5.2/lib/rack/lock.rb&amp;line=17&amp;column=1">/gems/rack-1.5.2/lib/rack/lock.rb:17:in `call'</a>
  <a href="txmt://open?url=file:///home/jethro/.rvm/gems/ruby-2.1.0/gems/actionpack-4.0.2/lib/action_dispatch/middleware/static.rb&amp;line=64&amp;column=1">/gems/actionpack-4.0.2/lib/action_dispatch/middleware/static.rb:64:in `call'</a>
  <a href="txmt://open?url=file:///home/jethro/.rvm/gems/ruby-2.1.0/gems/rack-1.5.2/lib/rack/sendfile.rb&amp;line=112&amp;column=1">/gems/rack-1.5.2/lib/rack/sendfile.rb:112:in `call'</a>
  <a href="txmt://open?url=file:///home/jethro/.rvm/gems/ruby-2.1.0/gems/railties-4.0.2/lib/rails/engine.rb&amp;line=511&amp;column=1">/gems/railties-4.0.2/lib/rails/engine.rb:511:in `call'</a>
  <a href="txmt://open?url=file:///home/jethro/.rvm/gems/ruby-2.1.0/gems/railties-4.0.2/lib/rails/application.rb&amp;line=97&amp;column=1">/gems/railties-4.0.2/lib/rails/application.rb:97:in `call'</a>
  <a href="txmt://open?url=file:///home/jethro/.rvm/gems/ruby-2.1.0/gems/rack-1.5.2/lib/rack/lock.rb&amp;line=17&amp;column=1">/gems/rack-1.5.2/lib/rack/lock.rb:17:in `call'</a>
  <a href="txmt://open?url=file:///home/jethro/.rvm/gems/ruby-2.1.0/gems/rack-1.5.2/lib/rack/content_length.rb&amp;line=14&amp;column=1">/gems/rack-1.5.2/lib/rack/content_length.rb:14:in `call'</a>
  <a href="txmt://open?url=file:///home/jethro/.rvm/gems/ruby-2.1.0/gems/rack-1.5.2/lib/rack/handler/webrick.rb&amp;line=60&amp;column=1">/gems/rack-1.5.2/lib/rack/handler/webrick.rb:60:in `service'</a>
  <a href="txmt://open?url=file:///home/jethro/.rvm/rubies/ruby-2.1.0/lib/ruby/2.1.0/webrick/httpserver.rb&amp;line=138&amp;column=1">/home/jethro/.rvm/rubies/ruby-2.1.0/lib/ruby/2.1.0/webrick/httpserver.rb:138:in `service'</a>
  <a href="txmt://open?url=file:///home/jethro/.rvm/rubies/ruby-2.1.0/lib/ruby/2.1.0/webrick/httpserver.rb&amp;line=94&amp;column=1">/home/jethro/.rvm/rubies/ruby-2.1.0/lib/ruby/2.1.0/webrick/httpserver.rb:94:in `run'</a>
  <a href="txmt://open?url=file:///home/jethro/.rvm/rubies/ruby-2.1.0/lib/ruby/2.1.0/webrick/server.rb&amp;line=295&amp;column=1">/home/jethro/.rvm/rubies/ruby-2.1.0/lib/ruby/2.1.0/webrick/server.rb:295:in `block in start_thread'</a>


  Rendered /home/jethro/.rvm/gems/ruby-2.1.0/gems/actionpack-4.0.2/lib/action_dispatch/middleware/templates/rescues/_trace.erb (0.9ms)
  Rendered /home/jethro/.rvm/gems/ruby-2.1.0/gems/actionpack-4.0.2/lib/action_dispatch/middleware/templates/routes/_route.html.erb (0.8ms)
  Rendered /home/jethro/.rvm/gems/ruby-2.1.0/gems/actionpack-4.0.2/lib/action_dispatch/middleware/templates/routes/_table.html.erb (3.8ms)
  Rendered /home/jethro/.rvm/gems/ruby-2.1.0/gems/actionpack-4.0.2/lib/action_dispatch/middleware/templates/rescues/routing_error.erb within rescues/layout (16.4ms)


Started GET "/time_display" for 127.0.0.1 at 2014-03-11 10:40:09 -0700

ActionController::RoutingError (No route matches [GET] "/time_display"):
  <a href="txmt://open?url=file:///home/jethro/.rvm/gems/ruby-2.1.0/gems/actionpack-4.0.2/lib/action_dispatch/middleware/debug_exceptions.rb&amp;line=21&amp;column=1">/gems/actionpack-4.0.2/lib/action_dispatch/middleware/debug_exceptions.rb:21:in `call'</a>
  <a href="txmt://open?url=file:///home/jethro/.rvm/gems/ruby-2.1.0/gems/actionpack-4.0.2/lib/action_dispatch/middleware/show_exceptions.rb&amp;line=30&amp;column=1">/gems/actionpack-4.0.2/lib/action_dispatch/middleware/show_exceptions.rb:30:in `call'</a>
  <a href="txmt://open?url=file:///home/jethro/.rvm/gems/ruby-2.1.0/gems/railties-4.0.2/lib/rails/rack/logger.rb&amp;line=38&amp;column=1">/gems/railties-4.0.2/lib/rails/rack/logger.rb:38:in `call_app'</a>
  <a href="txmt://open?url=file:///home/jethro/.rvm/gems/ruby-2.1.0/gems/railties-4.0.2/lib/rails/rack/logger.rb&amp;line=20&amp;column=1">/gems/railties-4.0.2/lib/rails/rack/logger.rb:20:in `block in call'</a>
  <a href="txmt://open?url=file:///home/jethro/.rvm/gems/ruby-2.1.0/gems/activesupport-4.0.2/lib/active_support/tagged_logging.rb&amp;line=67&amp;column=1">/gems/activesupport-4.0.2/lib/active_support/tagged_logging.rb:67:in `block in tagged'</a>
  <a href="txmt://open?url=file:///home/jethro/.rvm/gems/ruby-2.1.0/gems/activesupport-4.0.2/lib/active_support/tagged_logging.rb&amp;line=25&amp;column=1">/gems/activesupport-4.0.2/lib/active_support/tagged_logging.rb:25:in `tagged'</a>
  <a href="txmt://open?url=file:///home/jethro/.rvm/gems/ruby-2.1.0/gems/activesupport-4.0.2/lib/active_support/tagged_logging.rb&amp;line=67&amp;column=1">/gems/activesupport-4.0.2/lib/active_support/tagged_logging.rb:67:in `tagged'</a>
  <a href="txmt://open?url=file:///home/jethro/.rvm/gems/ruby-2.1.0/gems/railties-4.0.2/lib/rails/rack/logger.rb&amp;line=20&amp;column=1">/gems/railties-4.0.2/lib/rails/rack/logger.rb:20:in `call'</a>
  <a href="txmt://open?url=file:///home/jethro/.rvm/gems/ruby-2.1.0/gems/actionpack-4.0.2/lib/action_dispatch/middleware/request_id.rb&amp;line=21&amp;column=1">/gems/actionpack-4.0.2/lib/action_dispatch/middleware/request_id.rb:21:in `call'</a>
  <a href="txmt://open?url=file:///home/jethro/.rvm/gems/ruby-2.1.0/gems/rack-1.5.2/lib/rack/methodoverride.rb&amp;line=21&amp;column=1">/gems/rack-1.5.2/lib/rack/methodoverride.rb:21:in `call'</a>
  <a href="txmt://open?url=file:///home/jethro/.rvm/gems/ruby-2.1.0/gems/rack-1.5.2/lib/rack/runtime.rb&amp;line=17&amp;column=1">/gems/rack-1.5.2/lib/rack/runtime.rb:17:in `call'</a>
  <a href="txmt://open?url=file:///home/jethro/.rvm/gems/ruby-2.1.0/gems/activesupport-4.0.2/lib/active_support/cache/strategy/local_cache.rb&amp;line=83&amp;column=1">/gems/activesupport-4.0.2/lib/active_support/cache/strategy/local_cache.rb:83:in `call'</a>
  <a href="txmt://open?url=file:///home/jethro/.rvm/gems/ruby-2.1.0/gems/rack-1.5.2/lib/rack/lock.rb&amp;line=17&amp;column=1">/gems/rack-1.5.2/lib/rack/lock.rb:17:in `call'</a>
  <a href="txmt://open?url=file:///home/jethro/.rvm/gems/ruby-2.1.0/gems/actionpack-4.0.2/lib/action_dispatch/middleware/static.rb&amp;line=64&amp;column=1">/gems/actionpack-4.0.2/lib/action_dispatch/middleware/static.rb:64:in `call'</a>
  <a href="txmt://open?url=file:///home/jethro/.rvm/gems/ruby-2.1.0/gems/rack-1.5.2/lib/rack/sendfile.rb&amp;line=112&amp;column=1">/gems/rack-1.5.2/lib/rack/sendfile.rb:112:in `call'</a>
  <a href="txmt://open?url=file:///home/jethro/.rvm/gems/ruby-2.1.0/gems/railties-4.0.2/lib/rails/engine.rb&amp;line=511&amp;column=1">/gems/railties-4.0.2/lib/rails/engine.rb:511:in `call'</a>
  <a href="txmt://open?url=file:///home/jethro/.rvm/gems/ruby-2.1.0/gems/railties-4.0.2/lib/rails/application.rb&amp;line=97&amp;column=1">/gems/railties-4.0.2/lib/rails/application.rb:97:in `call'</a>
  <a href="txmt://open?url=file:///home/jethro/.rvm/gems/ruby-2.1.0/gems/rack-1.5.2/lib/rack/lock.rb&amp;line=17&amp;column=1">/gems/rack-1.5.2/lib/rack/lock.rb:17:in `call'</a>
  <a href="txmt://open?url=file:///home/jethro/.rvm/gems/ruby-2.1.0/gems/rack-1.5.2/lib/rack/content_length.rb&amp;line=14&amp;column=1">/gems/rack-1.5.2/lib/rack/content_length.rb:14:in `call'</a>
  <a href="txmt://open?url=file:///home/jethro/.rvm/gems/ruby-2.1.0/gems/rack-1.5.2/lib/rack/handler/webrick.rb&amp;line=60&amp;column=1">/gems/rack-1.5.2/lib/rack/handler/webrick.rb:60:in `service'</a>
  <a href="txmt://open?url=file:///home/jethro/.rvm/rubies/ruby-2.1.0/lib/ruby/2.1.0/webrick/httpserver.rb&amp;line=138&amp;column=1">/home/jethro/.rvm/rubies/ruby-2.1.0/lib/ruby/2.1.0/webrick/httpserver.rb:138:in `service'</a>
  <a href="txmt://open?url=file:///home/jethro/.rvm/rubies/ruby-2.1.0/lib/ruby/2.1.0/webrick/httpserver.rb&amp;line=94&amp;column=1">/home/jethro/.rvm/rubies/ruby-2.1.0/lib/ruby/2.1.0/webrick/httpserver.rb:94:in `run'</a>
  <a href="txmt://open?url=file:///home/jethro/.rvm/rubies/ruby-2.1.0/lib/ruby/2.1.0/webrick/server.rb&amp;line=295&amp;column=1">/home/jethro/.rvm/rubies/ruby-2.1.0/lib/ruby/2.1.0/webrick/server.rb:295:in `block in start_thread'</a>


  Rendered /home/jethro/.rvm/gems/ruby-2.1.0/gems/actionpack-4.0.2/lib/action_dispatch/middleware/templates/rescues/_trace.erb (1.2ms)
  Rendered /home/jethro/.rvm/gems/ruby-2.1.0/gems/actionpack-4.0.2/lib/action_dispatch/middleware/templates/routes/_route.html.erb (0.7ms)
  Rendered /home/jethro/.rvm/gems/ruby-2.1.0/gems/actionpack-4.0.2/lib/action_dispatch/middleware/templates/routes/_table.html.erb (1.0ms)
  Rendered /home/jethro/.rvm/gems/ruby-2.1.0/gems/actionpack-4.0.2/lib/action_dispatch/middleware/templates/rescues/routing_error.erb within rescues/layout (11.9ms)


Started GET "/times" for 127.0.0.1 at 2014-03-11 10:40:17 -0700

ActionController::RoutingError (No route matches [GET] "/times"):
  <a href="txmt://open?url=file:///home/jethro/.rvm/gems/ruby-2.1.0/gems/actionpack-4.0.2/lib/action_dispatch/middleware/debug_exceptions.rb&amp;line=21&amp;column=1">/gems/actionpack-4.0.2/lib/action_dispatch/middleware/debug_exceptions.rb:21:in `call'</a>
  <a href="txmt://open?url=file:///home/jethro/.rvm/gems/ruby-2.1.0/gems/actionpack-4.0.2/lib/action_dispatch/middleware/show_exceptions.rb&amp;line=30&amp;column=1">/gems/actionpack-4.0.2/lib/action_dispatch/middleware/show_exceptions.rb:30:in `call'</a>
  <a href="txmt://open?url=file:///home/jethro/.rvm/gems/ruby-2.1.0/gems/railties-4.0.2/lib/rails/rack/logger.rb&amp;line=38&amp;column=1">/gems/railties-4.0.2/lib/rails/rack/logger.rb:38:in `call_app'</a>
  <a href="txmt://open?url=file:///home/jethro/.rvm/gems/ruby-2.1.0/gems/railties-4.0.2/lib/rails/rack/logger.rb&amp;line=20&amp;column=1">/gems/railties-4.0.2/lib/rails/rack/logger.rb:20:in `block in call'</a>
  <a href="txmt://open?url=file:///home/jethro/.rvm/gems/ruby-2.1.0/gems/activesupport-4.0.2/lib/active_support/tagged_logging.rb&amp;line=67&amp;column=1">/gems/activesupport-4.0.2/lib/active_support/tagged_logging.rb:67:in `block in tagged'</a>
  <a href="txmt://open?url=file:///home/jethro/.rvm/gems/ruby-2.1.0/gems/activesupport-4.0.2/lib/active_support/tagged_logging.rb&amp;line=25&amp;column=1">/gems/activesupport-4.0.2/lib/active_support/tagged_logging.rb:25:in `tagged'</a>
  <a href="txmt://open?url=file:///home/jethro/.rvm/gems/ruby-2.1.0/gems/activesupport-4.0.2/lib/active_support/tagged_logging.rb&amp;line=67&amp;column=1">/gems/activesupport-4.0.2/lib/active_support/tagged_logging.rb:67:in `tagged'</a>
  <a href="txmt://open?url=file:///home/jethro/.rvm/gems/ruby-2.1.0/gems/railties-4.0.2/lib/rails/rack/logger.rb&amp;line=20&amp;column=1">/gems/railties-4.0.2/lib/rails/rack/logger.rb:20:in `call'</a>
  <a href="txmt://open?url=file:///home/jethro/.rvm/gems/ruby-2.1.0/gems/actionpack-4.0.2/lib/action_dispatch/middleware/request_id.rb&amp;line=21&amp;column=1">/gems/actionpack-4.0.2/lib/action_dispatch/middleware/request_id.rb:21:in `call'</a>
  <a href="txmt://open?url=file:///home/jethro/.rvm/gems/ruby-2.1.0/gems/rack-1.5.2/lib/rack/methodoverride.rb&amp;line=21&amp;column=1">/gems/rack-1.5.2/lib/rack/methodoverride.rb:21:in `call'</a>
  <a href="txmt://open?url=file:///home/jethro/.rvm/gems/ruby-2.1.0/gems/rack-1.5.2/lib/rack/runtime.rb&amp;line=17&amp;column=1">/gems/rack-1.5.2/lib/rack/runtime.rb:17:in `call'</a>
  <a href="txmt://open?url=file:///home/jethro/.rvm/gems/ruby-2.1.0/gems/activesupport-4.0.2/lib/active_support/cache/strategy/local_cache.rb&amp;line=83&amp;column=1">/gems/activesupport-4.0.2/lib/active_support/cache/strategy/local_cache.rb:83:in `call'</a>
  <a href="txmt://open?url=file:///home/jethro/.rvm/gems/ruby-2.1.0/gems/rack-1.5.2/lib/rack/lock.rb&amp;line=17&amp;column=1">/gems/rack-1.5.2/lib/rack/lock.rb:17:in `call'</a>
  <a href="txmt://open?url=file:///home/jethro/.rvm/gems/ruby-2.1.0/gems/actionpack-4.0.2/lib/action_dispatch/middleware/static.rb&amp;line=64&amp;column=1">/gems/actionpack-4.0.2/lib/action_dispatch/middleware/static.rb:64:in `call'</a>
  <a href="txmt://open?url=file:///home/jethro/.rvm/gems/ruby-2.1.0/gems/rack-1.5.2/lib/rack/sendfile.rb&amp;line=112&amp;column=1">/gems/rack-1.5.2/lib/rack/sendfile.rb:112:in `call'</a>
  <a href="txmt://open?url=file:///home/jethro/.rvm/gems/ruby-2.1.0/gems/railties-4.0.2/lib/rails/engine.rb&amp;line=511&amp;column=1">/gems/railties-4.0.2/lib/rails/engine.rb:511:in `call'</a>
  <a href="txmt://open?url=file:///home/jethro/.rvm/gems/ruby-2.1.0/gems/railties-4.0.2/lib/rails/application.rb&amp;line=97&amp;column=1">/gems/railties-4.0.2/lib/rails/application.rb:97:in `call'</a>
  <a href="txmt://open?url=file:///home/jethro/.rvm/gems/ruby-2.1.0/gems/rack-1.5.2/lib/rack/lock.rb&amp;line=17&amp;column=1">/gems/rack-1.5.2/lib/rack/lock.rb:17:in `call'</a>
  <a href="txmt://open?url=file:///home/jethro/.rvm/gems/ruby-2.1.0/gems/rack-1.5.2/lib/rack/content_length.rb&amp;line=14&amp;column=1">/gems/rack-1.5.2/lib/rack/content_length.rb:14:in `call'</a>
  <a href="txmt://open?url=file:///home/jethro/.rvm/gems/ruby-2.1.0/gems/rack-1.5.2/lib/rack/handler/webrick.rb&amp;line=60&amp;column=1">/gems/rack-1.5.2/lib/rack/handler/webrick.rb:60:in `service'</a>
  <a href="txmt://open?url=file:///home/jethro/.rvm/rubies/ruby-2.1.0/lib/ruby/2.1.0/webrick/httpserver.rb&amp;line=138&amp;column=1">/home/jethro/.rvm/rubies/ruby-2.1.0/lib/ruby/2.1.0/webrick/httpserver.rb:138:in `service'</a>
  <a href="txmt://open?url=file:///home/jethro/.rvm/rubies/ruby-2.1.0/lib/ruby/2.1.0/webrick/httpserver.rb&amp;line=94&amp;column=1">/home/jethro/.rvm/rubies/ruby-2.1.0/lib/ruby/2.1.0/webrick/httpserver.rb:94:in `run'</a>
  <a href="txmt://open?url=file:///home/jethro/.rvm/rubies/ruby-2.1.0/lib/ruby/2.1.0/webrick/server.rb&amp;line=295&amp;column=1">/home/jethro/.rvm/rubies/ruby-2.1.0/lib/ruby/2.1.0/webrick/server.rb:295:in `block in start_thread'</a>


  Rendered /home/jethro/.rvm/gems/ruby-2.1.0/gems/actionpack-4.0.2/lib/action_dispatch/middleware/templates/rescues/_trace.erb (1.2ms)
  Rendered /home/jethro/.rvm/gems/ruby-2.1.0/gems/actionpack-4.0.2/lib/action_dispatch/middleware/templates/routes/_route.html.erb (0.6ms)
  Rendered /home/jethro/.rvm/gems/ruby-2.1.0/gems/actionpack-4.0.2/lib/action_dispatch/middleware/templates/routes/_table.html.erb (1.6ms)
  Rendered /home/jethro/.rvm/gems/ruby-2.1.0/gems/actionpack-4.0.2/lib/action_dispatch/middleware/templates/rescues/routing_error.erb within rescues/layout (12.7ms)


Started GET "/times/main" for 127.0.0.1 at 2014-03-11 10:40:22 -0700
Processing by TimesController#main as HTML
  Rendered times/main.html.erb within layouts/application (0.4ms)
Warning. Error encountered while saving cache 984eabef0e866d345518d1d41bbe66df4b5b2122/times.css.scssc: can't dump anonymous class #<Class:0x00000004676958>

Completed 200 OK in 1348ms (Views: 1339.7ms | ActiveRecord: 0.0ms)


Started GET "/assets/times.css?body=1" for 127.0.0.1 at 2014-03-11 10:40:23 -0700


Started GET "/assets/times.js?body=1" for 127.0.0.1 at 2014-03-11 10:40:24 -0700


Started GET "/assets/application.js?body=1" for 127.0.0.1 at 2014-03-11 10:40:24 -0700


Started GET "/assets/jquery_ujs.js?body=1" for 127.0.0.1 at 2014-03-11 10:40:24 -0700


Started GET "/assets/application.css?body=1" for 127.0.0.1 at 2014-03-11 10:40:24 -0700


Started GET "/assets/jquery.js?body=1" for 127.0.0.1 at 2014-03-11 10:40:24 -0700


Started GET "/assets/turbolinks.js?body=1" for 127.0.0.1 at 2014-03-11 10:40:24 -0700


Started GET "/times/main" for 127.0.0.1 at 2014-03-11 10:41:19 -0700
Processing by TimesController#main as HTML
  Rendered times/main.html.erb within layouts/application (46.2ms)
Completed 500 Internal Server Error in 51ms

ActionView::Template::Error (undefined local variable or method `time' for #<#<Class:0x00000002f381d8>:0x000000025a09b8>):
    1: <h1>The current time and date:</h1>
    2: <p><%= time.now%></p>
  <a href="txmt://open?url=file:///var/www/ruby/rails/time_display/app/views/times/main.html.erb&amp;line=2&amp;column=1">app/views/times/main.html.erb:2:in `_app_views_times_main_html_erb__2067891315627437714_18998380'</a>


  Rendered /home/jethro/.rvm/gems/ruby-2.1.0/gems/actionpack-4.0.2/lib/action_dispatch/middleware/templates/rescues/_trace.erb (1.2ms)
  Rendered /home/jethro/.rvm/gems/ruby-2.1.0/gems/actionpack-4.0.2/lib/action_dispatch/middleware/templates/rescues/_request_and_response.erb (1.9ms)
  Rendered /home/jethro/.rvm/gems/ruby-2.1.0/gems/actionpack-4.0.2/lib/action_dispatch/middleware/templates/rescues/template_error.erb within rescues/layout (12.6ms)


Started GET "/times/main" for 127.0.0.1 at 2014-03-11 10:41:31 -0700
Processing by TimesController#main as HTML
  Rendered times/main.html.erb within layouts/application (1.1ms)
Completed 200 OK in 16ms (Views: 7.2ms | ActiveRecord: 0.0ms)


Started GET "/assets/application.css?body=1" for 127.0.0.1 at 2014-03-11 10:41:31 -0700


Started GET "/assets/times.css?body=1" for 127.0.0.1 at 2014-03-11 10:41:31 -0700


Started GET "/assets/jquery_ujs.js?body=1" for 127.0.0.1 at 2014-03-11 10:41:31 -0700


Started GET "/assets/turbolinks.js?body=1" for 127.0.0.1 at 2014-03-11 10:41:31 -0700


Started GET "/assets/jquery.js?body=1" for 127.0.0.1 at 2014-03-11 10:41:31 -0700


Started GET "/assets/times.js?body=1" for 127.0.0.1 at 2014-03-11 10:41:31 -0700


Started GET "/assets/application.js?body=1" for 127.0.0.1 at 2014-03-11 10:41:31 -0700


Started GET "/times/main" for 127.0.0.1 at 2014-03-11 10:44:35 -0700
Processing by TimesController#main as HTML
  Rendered times/main.html.erb within layouts/application (0.6ms)
Completed 200 OK in 12ms (Views: 4.1ms | ActiveRecord: 0.0ms)


Started GET "/assets/application.css?body=1" for 127.0.0.1 at 2014-03-11 10:44:35 -0700


Started GET "/assets/times.css?body=1" for 127.0.0.1 at 2014-03-11 10:44:35 -0700


Started GET "/assets/jquery.js?body=1" for 127.0.0.1 at 2014-03-11 10:44:35 -0700


Started GET "/assets/turbolinks.js?body=1" for 127.0.0.1 at 2014-03-11 10:44:35 -0700


Started GET "/assets/jquery_ujs.js?body=1" for 127.0.0.1 at 2014-03-11 10:44:35 -0700


Started GET "/assets/times.js?body=1" for 127.0.0.1 at 2014-03-11 10:44:35 -0700


Started GET "/assets/application.js?body=1" for 127.0.0.1 at 2014-03-11 10:44:35 -0700


Started GET "/times/main" for 127.0.0.1 at 2014-03-11 10:45:07 -0700
Processing by TimesController#main as HTML
  Rendered times/main.html.erb within layouts/application (0.1ms)
Warning. Error encountered while saving cache 984eabef0e866d345518d1d41bbe66df4b5b2122/times.css.scssc: can't dump anonymous class #<Class:0x00000004676958>

Completed 200 OK in 33ms (Views: 23.2ms | ActiveRecord: 0.0ms)


Started GET "/assets/application.css?body=1" for 127.0.0.1 at 2014-03-11 10:45:07 -0700


Started GET "/assets/times.css?body=1" for 127.0.0.1 at 2014-03-11 10:45:07 -0700


Started GET "/assets/times.js?body=1" for 127.0.0.1 at 2014-03-11 10:45:07 -0700


Started GET "/assets/turbolinks.js?body=1" for 127.0.0.1 at 2014-03-11 10:45:07 -0700


Started GET "/assets/jquery.js?body=1" for 127.0.0.1 at 2014-03-11 10:45:07 -0700


Started GET "/assets/jquery_ujs.js?body=1" for 127.0.0.1 at 2014-03-11 10:45:07 -0700


Started GET "/assets/application.js?body=1" for 127.0.0.1 at 2014-03-11 10:45:07 -0700


Started GET "/times/main" for 127.0.0.1 at 2014-03-11 10:45:22 -0700
Processing by TimesController#main as HTML
  Rendered times/main.html.erb within layouts/application (0.2ms)
Warning. Error encountered while saving cache 984eabef0e866d345518d1d41bbe66df4b5b2122/times.css.scssc: can't dump anonymous class #<Class:0x00000004676958>

Completed 200 OK in 42ms (Views: 27.4ms | ActiveRecord: 0.0ms)


Started GET "/assets/application.css?body=1" for 127.0.0.1 at 2014-03-11 10:45:22 -0700


Started GET "/assets/jquery.js?body=1" for 127.0.0.1 at 2014-03-11 10:45:22 -0700


Started GET "/assets/jquery_ujs.js?body=1" for 127.0.0.1 at 2014-03-11 10:45:22 -0700


Started GET "/assets/times.js?body=1" for 127.0.0.1 at 2014-03-11 10:45:22 -0700


Started GET "/assets/times.css?body=1" for 127.0.0.1 at 2014-03-11 10:45:22 -0700


Started GET "/assets/turbolinks.js?body=1" for 127.0.0.1 at 2014-03-11 10:45:22 -0700


Started GET "/assets/application.js?body=1" for 127.0.0.1 at 2014-03-11 10:45:22 -0700


Started GET "/times/main" for 127.0.0.1 at 2014-03-11 10:45:35 -0700
Processing by TimesController#main as HTML
  Rendered times/main.html.erb within layouts/application (0.2ms)
Warning. Error encountered while saving cache 984eabef0e866d345518d1d41bbe66df4b5b2122/times.css.scssc: can't dump anonymous class #<Class:0x00000004676958>

Completed 200 OK in 30ms (Views: 21.9ms | ActiveRecord: 0.0ms)


Started GET "/assets/application.css?body=1" for 127.0.0.1 at 2014-03-11 10:45:35 -0700


Started GET "/assets/times.css?body=1" for 127.0.0.1 at 2014-03-11 10:45:35 -0700


Started GET "/assets/jquery.js?body=1" for 127.0.0.1 at 2014-03-11 10:45:35 -0700


Started GET "/assets/turbolinks.js?body=1" for 127.0.0.1 at 2014-03-11 10:45:35 -0700


Started GET "/assets/jquery_ujs.js?body=1" for 127.0.0.1 at 2014-03-11 10:45:35 -0700


Started GET "/assets/times.js?body=1" for 127.0.0.1 at 2014-03-11 10:45:35 -0700


Started GET "/assets/application.js?body=1" for 127.0.0.1 at 2014-03-11 10:45:35 -0700


Started GET "/times/main" for 127.0.0.1 at 2014-03-11 10:46:48 -0700
Processing by TimesController#main as HTML
  Rendered times/main.html.erb within layouts/application (0.5ms)
Completed 200 OK in 14ms (Views: 5.4ms | ActiveRecord: 0.0ms)


Started GET "/assets/application.css?body=1" for 127.0.0.1 at 2014-03-11 10:46:48 -0700


Started GET "/assets/times.css?body=1" for 127.0.0.1 at 2014-03-11 10:46:48 -0700


Started GET "/assets/times.js?body=1" for 127.0.0.1 at 2014-03-11 10:46:48 -0700


Started GET "/assets/jquery.js?body=1" for 127.0.0.1 at 2014-03-11 10:46:48 -0700


Started GET "/assets/turbolinks.js?body=1" for 127.0.0.1 at 2014-03-11 10:46:48 -0700


Started GET "/assets/application.js?body=1" for 127.0.0.1 at 2014-03-11 10:46:48 -0700


Started GET "/assets/jquery_ujs.js?body=1" for 127.0.0.1 at 2014-03-11 10:46:48 -0700


Started GET "/times/main" for 127.0.0.1 at 2014-03-11 10:47:00 -0700
Processing by TimesController#main as HTML
  Rendered times/main.html.erb within layouts/application (0.5ms)
Completed 200 OK in 13ms (Views: 4.2ms | ActiveRecord: 0.0ms)


Started GET "/assets/application.css?body=1" for 127.0.0.1 at 2014-03-11 10:47:00 -0700


Started GET "/assets/times.css?body=1" for 127.0.0.1 at 2014-03-11 10:47:00 -0700


Started GET "/assets/jquery_ujs.js?body=1" for 127.0.0.1 at 2014-03-11 10:47:00 -0700


Started GET "/assets/turbolinks.js?body=1" for 127.0.0.1 at 2014-03-11 10:47:00 -0700


Started GET "/assets/times.js?body=1" for 127.0.0.1 at 2014-03-11 10:47:00 -0700


Started GET "/assets/jquery.js?body=1" for 127.0.0.1 at 2014-03-11 10:47:00 -0700


Started GET "/assets/application.js?body=1" for 127.0.0.1 at 2014-03-11 10:47:00 -0700


Started GET "/times/main" for 127.0.0.1 at 2014-03-11 10:47:40 -0700
Processing by TimesController#main as HTML
  Rendered times/main.html.erb within layouts/application (0.2ms)
Completed 200 OK in 13ms (Views: 4.6ms | ActiveRecord: 0.0ms)


Started GET "/assets/application.css?body=1" for 127.0.0.1 at 2014-03-11 10:47:40 -0700


Started GET "/assets/times.css?body=1" for 127.0.0.1 at 2014-03-11 10:47:40 -0700


Started GET "/assets/jquery.js?body=1" for 127.0.0.1 at 2014-03-11 10:47:40 -0700


Started GET "/assets/times.js?body=1" for 127.0.0.1 at 2014-03-11 10:47:40 -0700


Started GET "/assets/turbolinks.js?body=1" for 127.0.0.1 at 2014-03-11 10:47:40 -0700


Started GET "/assets/jquery_ujs.js?body=1" for 127.0.0.1 at 2014-03-11 10:47:40 -0700


Started GET "/assets/application.js?body=1" for 127.0.0.1 at 2014-03-11 10:47:40 -0700
